1735233712033	geckodriver	INFO	Listening on 127.0.0.1:51389
1735233713035	mozrunner::runner	INFO	Running command: MOZ_CRASHREPORTER="1" MOZ_CRASHREPORTER_NO_REPORT="1" MOZ_CRASHREPORTER_SHUTDOWN="1" MOZ_NO_REMOTE="1" "/usr/bin/firefox" "--marionette" "--headless" "-no-remote" "-profile" "/tmp/rust_mozprofileR6Qa1O"
*** You are running in headless mode.
console.warn: services.settings: Ignoring preference override of remote settings server
console.warn: services.settings: Allow by setting MOZ_REMOTE_SETTINGS_DEVTOOLS=1 in the environment
[GFX1-]: glxtest: libpci missing
[GFX1-]: glxtest: Unable to open a connection to the X server
[GFX1-]: No GPUs detected via PCI

1735233713349	Marionette	INFO	Marionette enabled
1735233713403	Marionette	INFO	Listening on port 32853
Read port: 32853
1735233713658	RemoteAgent	WARN	TLS certificate errors will be ignored for this session
[GFX1-]: RenderCompositorSWGL failed mapping default framebuffer, no dt
console.error: ({})
console.error: (new TypeError("linkMap is undefined", "resource://gre/modules/NewTabUtils.sys.mjs", 2003))
JavaScript warning: https://challenges.cloudflare.com/cdn-cgi/challenge-platform/h/b/orchestrate/chl_api/v1?ray=8f82bffd5a51e829&lang=auto line 1 > Function, line 1158: WebGL warning: <Create>: WebglAllowWindowsNativeGl:false restricts context creation on this system.
JavaScript warning: https://challenges.cloudflare.com/cdn-cgi/challenge-platform/h/b/orchestrate/chl_api/v1?ray=8f82bffd5a51e829&lang=auto line 1 > Function, line 1158: Failed to create WebGL context: WebGL creation failed: 
* WebglAllowWindowsNativeGl:false restricts context creation on this system. ()
* Exhausted GL driver options. (FEATURE_FAILURE_WEBGL_EXHAUSTED_DRIVERS)
1735233720038	Marionette	INFO	Stopped listening on port 32853
JavaScript warning: https://www.indeed.com/cdn-cgi/challenge-platform/h/b/orchestrate/chl_page/v1?ray=8f82bffb4eb7eb07, line 1: Script terminated by timeout at:
eV@https://www.indeed.com/cdn-cgi/challenge-platform/h/b/orchestrate/chl_page/v1?ray=8f82bffb4eb7eb07:1:64025

1735233827706	geckodriver	INFO	Listening on 127.0.0.1:47255
1735233828709	mozrunner::runner	INFO	Running command: MOZ_CRASHREPORTER="1" MOZ_CRASHREPORTER_NO_REPORT="1" MOZ_CRASHREPORTER_SHUTDOWN="1" MOZ_NO_REMOTE="1" "/usr ... pleWebKit/537.36 (KHTML, like Gecko) Chrome/91.0.4472.124 Safari/537.36" "-no-remote" "-profile" "/tmp/rust_mozprofilewomOM4"
*** You are running in headless mode.
console.warn: services.settings: Ignoring preference override of remote settings server
console.warn: services.settings: Allow by setting MOZ_REMOTE_SETTINGS_DEVTOOLS=1 in the environment
[GFX1-]: glxtest: libpci missing
[GFX1-]: glxtest: Unable to open a connection to the X server
[GFX1-]: No GPUs detected via PCI

1735233828917	Marionette	INFO	Marionette enabled
console.error: "Warning: unrecognized command line flag" "-disable-gpu"
console.error: "Warning: unrecognized command line flag" "-disable-dev-shm-usage"
1735233828977	Marionette	INFO	Listening on port 35237
Read port: 35237
1735233829237	RemoteAgent	WARN	TLS certificate errors will be ignored for this session
[GFX1-]: RenderCompositorSWGL failed mapping default framebuffer, no dt
console.error: ({})
console.error: (new TypeError("linkMap is undefined", "resource://gre/modules/NewTabUtils.sys.mjs", 2003))
JavaScript warning: https://challenges.cloudflare.com/cdn-cgi/challenge-platform/h/b/orchestrate/chl_api/v1?ray=8f82c2d11a176197&lang=auto line 1 > Function, line 992: WebGL warning: <Create>: WebglAllowWindowsNativeGl:false restricts context creation on this system.
JavaScript warning: https://challenges.cloudflare.com/cdn-cgi/challenge-platform/h/b/orchestrate/chl_api/v1?ray=8f82c2d11a176197&lang=auto line 1 > Function, line 992: Failed to create WebGL context: WebGL creation failed: 
* WebglAllowWindowsNativeGl:false restricts context creation on this system. ()
* Exhausted GL driver options. (FEATURE_FAILURE_WEBGL_EXHAUSTED_DRIVERS)
1735233845567	Marionette	INFO	Stopped listening on port 35237
JavaScript warning: https://challenges.cloudflare.com/cdn-cgi/challenge-platform/h/b/orchestrate/chl_api/v1?ray=8f82c2d11a176197&lang=auto, line 1: Script terminated by timeout at:
gm@https://challenges.cloudflare.com/cdn-cgi/challenge-platform/h/b/orchestrate/chl_api/v1?ray=8f82c2d11a176197&lang=auto:1:66748

JavaScript warning: https://challenges.cloudflare.com/turnstile/v0/b/787bc399e22f/api.js?onload=WXqDk4&render=explicit, line 1: Script terminated by timeout at:
Vr@https://challenges.cloudflare.com/turnstile/v0/b/787bc399e22f/api.js?onload=WXqDk4&render=explicit:1:17075
Ot/e.watchCatInterval<@https://challenges.cloudflare.com/turnstile/v0/b/787bc399e22f/api.js?onload=WXqDk4&render=explicit:1:18571

1735233901497	geckodriver	INFO	Listening on 127.0.0.1:35425
1735233902499	mozrunner::runner	INFO	Running command: MOZ_CRASHREPORTER="1" MOZ_CRASHREPORTER_NO_REPORT="1" MOZ_CRASHREPORTER_SHUTDOWN="1" MOZ_NO_REMOTE="1" "/usr ... pleWebKit/537.36 (KHTML, like Gecko) Chrome/91.0.4472.124 Safari/537.36" "-no-remote" "-profile" "/tmp/rust_mozprofileSSPEyE"
*** You are running in headless mode.
console.warn: services.settings: Ignoring preference override of remote settings server
console.warn: services.settings: Allow by setting MOZ_REMOTE_SETTINGS_DEVTOOLS=1 in the environment
[GFX1-]: glxtest: libpci missing
[GFX1-]: glxtest: Unable to open a connection to the X server
[GFX1-]: No GPUs detected via PCI

1735233902710	Marionette	INFO	Marionette enabled
console.error: "Warning: unrecognized command line flag" "-disable-gpu"
console.error: "Warning: unrecognized command line flag" "-disable-dev-shm-usage"
1735233902771	Marionette	INFO	Listening on port 39887
Read port: 39887
1735233903013	RemoteAgent	WARN	TLS certificate errors will be ignored for this session
[GFX1-]: RenderCompositorSWGL failed mapping default framebuffer, no dt
console.error: ({})
console.error: (new TypeError("linkMap is undefined", "resource://gre/modules/NewTabUtils.sys.mjs", 2003))
JavaScript warning: https://challenges.cloudflare.com/cdn-cgi/challenge-platform/h/b/orchestrate/chl_api/v1?ray=8f82c49e6be2105c&lang=auto line 1 > Function, line 345: WebGL warning: <Create>: WebglAllowWindowsNativeGl:false restricts context creation on this system.
JavaScript warning: https://challenges.cloudflare.com/cdn-cgi/challenge-platform/h/b/orchestrate/chl_api/v1?ray=8f82c49e6be2105c&lang=auto line 1 > Function, line 345: Failed to create WebGL context: WebGL creation failed: 
* WebglAllowWindowsNativeGl:false restricts context creation on this system. ()
* Exhausted GL driver options. (FEATURE_FAILURE_WEBGL_EXHAUSTED_DRIVERS)
1735233919390	Marionette	INFO	Stopped listening on port 39887
JavaScript warning: https://challenges.cloudflare.com/cdn-cgi/challenge-platform/h/b/orchestrate/chl_api/v1?ray=8f82c49e6be2105c&lang=auto, line 1: Script terminated by timeout at:
gh@https://challenges.cloudflare.com/cdn-cgi/challenge-platform/h/b/orchestrate/chl_api/v1?ray=8f82c49e6be2105c&lang=auto:1:62462

JavaScript warning: https://www.indeed.com/cdn-cgi/challenge-platform/h/b/orchestrate/chl_page/v1?ray=8f82c49c483e8737, line 1: Script terminated by timeout at:
ge@https://www.indeed.com/cdn-cgi/challenge-platform/h/b/orchestrate/chl_page/v1?ray=8f82c49c483e8737:1:19792

1735233965586	geckodriver	INFO	Listening on 127.0.0.1:58945
1735233966589	mozrunner::runner	INFO	Running command: MOZ_CRASHREPORTER="1" MOZ_CRASHREPORTER_NO_REPORT="1" MOZ_CRASHREPORTER_SHUTDOWN="1" MOZ_NO_REMOTE="1" "/usr ... -gpu" "--no-sandbox" "--disable-dev-shm-usage" "--window-size=1920x1080" "-no-remote" "-profile" "/tmp/rust_mozprofilesEOrjH"
*** You are running in headless mode.
console.warn: services.settings: Ignoring preference override of remote settings server
console.warn: services.settings: Allow by setting MOZ_REMOTE_SETTINGS_DEVTOOLS=1 in the environment
[GFX1-]: glxtest: libpci missing
[GFX1-]: glxtest: Unable to open a connection to the X server
[GFX1-]: No GPUs detected via PCI

1735233966803	Marionette	INFO	Marionette enabled
console.error: "Warning: unrecognized command line flag" "-disable-gpu"
console.error: "Warning: unrecognized command line flag" "-disable-dev-shm-usage"
1735233966864	Marionette	INFO	Listening on port 44693
Read port: 44693
1735233967102	RemoteAgent	WARN	TLS certificate errors will be ignored for this session
[GFX1-]: RenderCompositorSWGL failed mapping default framebuffer, no dt
console.error: ({})
console.error: (new TypeError("linkMap is undefined", "resource://gre/modules/NewTabUtils.sys.mjs", 2003))
JavaScript warning: https://challenges.cloudflare.com/cdn-cgi/challenge-platform/h/b/orchestrate/chl_api/v1?ray=8f82c62e0e4786f0&lang=auto line 1 > Function, line 1086: WebGL warning: <Create>: WebglAllowWindowsNativeGl:false restricts context creation on this system.
JavaScript warning: https://challenges.cloudflare.com/cdn-cgi/challenge-platform/h/b/orchestrate/chl_api/v1?ray=8f82c62e0e4786f0&lang=auto line 1 > Function, line 1086: Failed to create WebGL context: WebGL creation failed: 
* WebglAllowWindowsNativeGl:false restricts context creation on this system. ()
* Exhausted GL driver options. (FEATURE_FAILURE_WEBGL_EXHAUSTED_DRIVERS)
1735233973290	Marionette	INFO	Stopped listening on port 44693
JavaScript warning: https://challenges.cloudflare.com/cdn-cgi/challenge-platform/h/b/orchestrate/chl_api/v1?ray=8f82c62e0e4786f0&lang=auto, line 1: Script terminated by timeout at:
@https://challenges.cloudflare.com/cdn-cgi/challenge-platform/h/b/orchestrate/chl_api/v1?ray=8f82c62e0e4786f0&lang=auto:1:12689

1735234026433	geckodriver	INFO	Listening on 127.0.0.1:59033
1735234027435	mozrunner::runner	INFO	Running command: MOZ_CRASHREPORTER="1" MOZ_CRASHREPORTER_NO_REPORT="1" MOZ_CRASHREPORTER_SHUTDOWN="1" MOZ_NO_REMOTE="1" "/usr ... -gpu" "--no-sandbox" "--disable-dev-shm-usage" "--window-size=1920x1080" "-no-remote" "-profile" "/tmp/rust_mozprofileEHaQyL"
*** You are running in headless mode.
console.warn: services.settings: Ignoring preference override of remote settings server
console.warn: services.settings: Allow by setting MOZ_REMOTE_SETTINGS_DEVTOOLS=1 in the environment
[GFX1-]: glxtest: libpci missing
[GFX1-]: glxtest: Unable to open a connection to the X server
[GFX1-]: No GPUs detected via PCI

1735234027635	Marionette	INFO	Marionette enabled
console.error: "Warning: unrecognized command line flag" "-disable-gpu"
console.error: "Warning: unrecognized command line flag" "-disable-dev-shm-usage"
1735234027692	Marionette	INFO	Listening on port 42645
Read port: 42645
1735234027923	RemoteAgent	WARN	TLS certificate errors will be ignored for this session
[GFX1-]: RenderCompositorSWGL failed mapping default framebuffer, no dt
console.error: ({})
console.error: (new TypeError("linkMap is undefined", "resource://gre/modules/NewTabUtils.sys.mjs", 2003))
JavaScript warning: https://challenges.cloudflare.com/cdn-cgi/challenge-platform/h/b/orchestrate/chl_api/v1?ray=8f82c7aa5fcc60a6&lang=auto line 1 > Function, line 193: WebGL warning: <Create>: WebglAllowWindowsNativeGl:false restricts context creation on this system.
JavaScript warning: https://challenges.cloudflare.com/cdn-cgi/challenge-platform/h/b/orchestrate/chl_api/v1?ray=8f82c7aa5fcc60a6&lang=auto line 1 > Function, line 193: Failed to create WebGL context: WebGL creation failed: 
* WebglAllowWindowsNativeGl:false restricts context creation on this system. ()
* Exhausted GL driver options. (FEATURE_FAILURE_WEBGL_EXHAUSTED_DRIVERS)
1735234034119	Marionette	INFO	Stopped listening on port 42645
JavaScript warning: https://challenges.cloudflare.com/cdn-cgi/challenge-platform/h/b/orchestrate/chl_api/v1?ray=8f82c7aa5fcc60a6&lang=auto, line 1: Script terminated by timeout at:
gi@https://challenges.cloudflare.com/cdn-cgi/challenge-platform/h/b/orchestrate/chl_api/v1?ray=8f82c7aa5fcc60a6&lang=auto:1:22434

1735234081210	geckodriver	INFO	Listening on 127.0.0.1:58711
1735234082212	mozrunner::runner	INFO	Running command: MOZ_CRASHREPORTER="1" MOZ_CRASHREPORTER_NO_REPORT="1" MOZ_CRASHREPORTER_SHUTDOWN="1" MOZ_NO_REMOTE="1" "/usr ... -gpu" "--no-sandbox" "--disable-dev-shm-usage" "--window-size=1920x1080" "-no-remote" "-profile" "/tmp/rust_mozprofileDgjF0B"
*** You are running in headless mode.
console.warn: services.settings: Ignoring preference override of remote settings server
console.warn: services.settings: Allow by setting MOZ_REMOTE_SETTINGS_DEVTOOLS=1 in the environment
[GFX1-]: glxtest: libpci missing
[GFX1-]: glxtest: Unable to open a connection to the X server
[GFX1-]: No GPUs detected via PCI

1735234082414	Marionette	INFO	Marionette enabled
console.error: "Warning: unrecognized command line flag" "-disable-gpu"
console.error: "Warning: unrecognized command line flag" "-disable-dev-shm-usage"
1735234082474	Marionette	INFO	Listening on port 42833
Read port: 42833
1735234082697	RemoteAgent	WARN	TLS certificate errors will be ignored for this session
[GFX1-]: RenderCompositorSWGL failed mapping default framebuffer, no dt
console.error: ({})
console.error: (new TypeError("linkMap is undefined", "resource://gre/modules/NewTabUtils.sys.mjs", 2003))
JavaScript warning: https://challenges.cloudflare.com/cdn-cgi/challenge-platform/h/b/orchestrate/chl_api/v1?ray=8f82c8ffd8d5eae0&lang=auto line 1 > Function, line 762: WebGL warning: <Create>: WebglAllowWindowsNativeGl:false restricts context creation on this system.
JavaScript warning: https://challenges.cloudflare.com/cdn-cgi/challenge-platform/h/b/orchestrate/chl_api/v1?ray=8f82c8ffd8d5eae0&lang=auto line 1 > Function, line 762: Failed to create WebGL context: WebGL creation failed: 
* WebglAllowWindowsNativeGl:false restricts context creation on this system. ()
* Exhausted GL driver options. (FEATURE_FAILURE_WEBGL_EXHAUSTED_DRIVERS)
1735234088858	Marionette	INFO	Stopped listening on port 42833
JavaScript warning: https://challenges.cloudflare.com/cdn-cgi/challenge-platform/h/b/orchestrate/chl_api/v1?ray=8f82c8ffd8d5eae0&lang=auto, line 1: Script terminated by timeout at:
@https://challenges.cloudflare.com/cdn-cgi/challenge-platform/h/b/orchestrate/chl_api/v1?ray=8f82c8ffd8d5eae0&lang=auto:1:16434

JavaScript warning: https://www.indeed.com/cdn-cgi/challenge-platform/h/b/orchestrate/chl_page/v1?ray=8f82c8fdabd8ead8, line 1: Script terminated by timeout at:
g6@https://www.indeed.com/cdn-cgi/challenge-platform/h/b/orchestrate/chl_page/v1?ray=8f82c8fdabd8ead8:1:87004

1735234137350	geckodriver	INFO	Listening on 127.0.0.1:37515
1735234138352	mozrunner::runner	INFO	Running command: MOZ_CRASHREPORTER="1" MOZ_CRASHREPORTER_NO_REPORT="1" MOZ_CRASHREPORTER_SHUTDOWN="1" MOZ_NO_REMOTE="1" "/usr ... -gpu" "--no-sandbox" "--disable-dev-shm-usage" "--window-size=1920x1080" "-no-remote" "-profile" "/tmp/rust_mozprofile9fCDrl"
*** You are running in headless mode.
console.warn: services.settings: Ignoring preference override of remote settings server
console.warn: services.settings: Allow by setting MOZ_REMOTE_SETTINGS_DEVTOOLS=1 in the environment
[GFX1-]: glxtest: libpci missing
[GFX1-]: glxtest: Unable to open a connection to the X server
[GFX1-]: No GPUs detected via PCI

1735234138561	Marionette	INFO	Marionette enabled
console.error: "Warning: unrecognized command line flag" "-disable-gpu"
console.error: "Warning: unrecognized command line flag" "-disable-dev-shm-usage"
1735234138620	Marionette	INFO	Listening on port 40365
Read port: 40365
1735234138857	RemoteAgent	WARN	TLS certificate errors will be ignored for this session
[GFX1-]: RenderCompositorSWGL failed mapping default framebuffer, no dt
console.error: ({})
console.error: (new TypeError("linkMap is undefined", "resource://gre/modules/NewTabUtils.sys.mjs", 2003))
JavaScript warning: https://challenges.cloudflare.com/cdn-cgi/challenge-platform/h/b/orchestrate/chl_api/v1?ray=8f82ca5f49cc89f1&lang=auto line 1 > Function, line 415: WebGL warning: <Create>: WebglAllowWindowsNativeGl:false restricts context creation on this system.
JavaScript warning: https://challenges.cloudflare.com/cdn-cgi/challenge-platform/h/b/orchestrate/chl_api/v1?ray=8f82ca5f49cc89f1&lang=auto line 1 > Function, line 415: Failed to create WebGL context: WebGL creation failed: 
* WebglAllowWindowsNativeGl:false restricts context creation on this system. ()
* Exhausted GL driver options. (FEATURE_FAILURE_WEBGL_EXHAUSTED_DRIVERS)
1735234150104	Marionette	INFO	Stopped listening on port 40365
JavaScript warning: https://challenges.cloudflare.com/cdn-cgi/challenge-platform/h/b/orchestrate/chl_api/v1?ray=8f82ca5f49cc89f1&lang=auto, line 1: Script terminated by timeout at:
g0@https://challenges.cloudflare.com/cdn-cgi/challenge-platform/h/b/orchestrate/chl_api/v1?ray=8f82ca5f49cc89f1&lang=auto:1:27671

1735234569735	geckodriver	INFO	Listening on 127.0.0.1:47119
1735234570738	mozrunner::runner	INFO	Running command: MOZ_CRASHREPORTER="1" MOZ_CRASHREPORTER_NO_REPORT="1" MOZ_CRASHREPORTER_SHUTDOWN="1" MOZ_NO_REMOTE="1" "/usr/bin/firefox" "--marionette" "--headless" "-no-remote" "-profile" "/tmp/rust_mozprofileEdCCYS"
*** You are running in headless mode.
console.warn: services.settings: Ignoring preference override of remote settings server
console.warn: services.settings: Allow by setting MOZ_REMOTE_SETTINGS_DEVTOOLS=1 in the environment
[GFX1-]: glxtest: libpci missing
[GFX1-]: glxtest: Unable to open a connection to the X server
[GFX1-]: No GPUs detected via PCI

1735234570946	Marionette	INFO	Marionette enabled
1735234571003	Marionette	INFO	Listening on port 40577
Read port: 40577
1735234571288	RemoteAgent	WARN	TLS certificate errors will be ignored for this session
[GFX1-]: RenderCompositorSWGL failed mapping default framebuffer, no dt
console.error: ({})
console.error: (new TypeError("linkMap is undefined", "resource://gre/modules/NewTabUtils.sys.mjs", 2003))
JavaScript warning: https://challenges.cloudflare.com/cdn-cgi/challenge-platform/h/b/orchestrate/chl_api/v1?ray=8f82d4ed9f6ce223&lang=auto line 1 > Function, line 559: WebGL warning: <Create>: WebglAllowWindowsNativeGl:false restricts context creation on this system.
JavaScript warning: https://challenges.cloudflare.com/cdn-cgi/challenge-platform/h/b/orchestrate/chl_api/v1?ray=8f82d4ed9f6ce223&lang=auto line 1 > Function, line 559: Failed to create WebGL context: WebGL creation failed: 
* WebglAllowWindowsNativeGl:false restricts context creation on this system. ()
* Exhausted GL driver options. (FEATURE_FAILURE_WEBGL_EXHAUSTED_DRIVERS)
1735234577269	Marionette	INFO	Stopped listening on port 40577
JavaScript warning: https://challenges.cloudflare.com/cdn-cgi/challenge-platform/h/b/orchestrate/chl_api/v1?ray=8f82d4ed9f6ce223&lang=auto, line 1: Script terminated by timeout at:
eZ@https://challenges.cloudflare.com/cdn-cgi/challenge-platform/h/b/orchestrate/chl_api/v1?ray=8f82d4ed9f6ce223&lang=auto:1:37303

1735234626089	geckodriver	INFO	Listening on 127.0.0.1:32983
1735234627091	mozrunner::runner	INFO	Running command: MOZ_CRASHREPORTER="1" MOZ_CRASHREPORTER_NO_REPORT="1" MOZ_CRASHREPORTER_SHUTDOWN="1" MOZ_NO_REMOTE="1" "/usr/bin/firefox" "--marionette" "--headless" "-no-remote" "-profile" "/tmp/rust_mozprofile4rqoqr"
*** You are running in headless mode.
console.warn: services.settings: Ignoring preference override of remote settings server
console.warn: services.settings: Allow by setting MOZ_REMOTE_SETTINGS_DEVTOOLS=1 in the environment
[GFX1-]: glxtest: libpci missing
[GFX1-]: glxtest: Unable to open a connection to the X server
[GFX1-]: No GPUs detected via PCI

1735234627313	Marionette	INFO	Marionette enabled
1735234627367	Marionette	INFO	Listening on port 32801
Read port: 32801
1735234627609	RemoteAgent	WARN	TLS certificate errors will be ignored for this session
[GFX1-]: RenderCompositorSWGL failed mapping default framebuffer, no dt
console.error: ({})
console.error: (new TypeError("linkMap is undefined", "resource://gre/modules/NewTabUtils.sys.mjs", 2003))
JavaScript warning: https://challenges.cloudflare.com/cdn-cgi/challenge-platform/h/b/orchestrate/chl_api/v1?ray=8f82d64dc851eafb&lang=auto line 1 > Function, line 848: WebGL warning: <Create>: WebglAllowWindowsNativeGl:false restricts context creation on this system.
JavaScript warning: https://challenges.cloudflare.com/cdn-cgi/challenge-platform/h/b/orchestrate/chl_api/v1?ray=8f82d64dc851eafb&lang=auto line 1 > Function, line 848: Failed to create WebGL context: WebGL creation failed: 
* WebglAllowWindowsNativeGl:false restricts context creation on this system. ()
* Exhausted GL driver options. (FEATURE_FAILURE_WEBGL_EXHAUSTED_DRIVERS)
1735234633607	Marionette	INFO	Stopped listening on port 32801
JavaScript warning: https://challenges.cloudflare.com/cdn-cgi/challenge-platform/h/b/orchestrate/chl_api/v1?ray=8f82d64dc851eafb&lang=auto, line 1: Script terminated by timeout at:
gm@https://challenges.cloudflare.com/cdn-cgi/challenge-platform/h/b/orchestrate/chl_api/v1?ray=8f82d64dc851eafb&lang=auto:1:49242

1735234730026	geckodriver	INFO	Listening on 127.0.0.1:39549
1735234731028	mozrunner::runner	INFO	Running command: MOZ_CRASHREPORTER="1" MOZ_CRASHREPORTER_NO_REPORT="1" MOZ_CRASHREPORTER_SHUTDOWN="1" MOZ_NO_REMOTE="1" "/usr/bin/firefox" "--marionette" "--headless" "-no-remote" "-profile" "/tmp/rust_mozprofilen5vQvZ"
*** You are running in headless mode.
console.warn: services.settings: Ignoring preference override of remote settings server
console.warn: services.settings: Allow by setting MOZ_REMOTE_SETTINGS_DEVTOOLS=1 in the environment
[GFX1-]: glxtest: libpci missing
[GFX1-]: glxtest: Unable to open a connection to the X server
[GFX1-]: No GPUs detected via PCI

1735234731231	Marionette	INFO	Marionette enabled
1735234731284	Marionette	INFO	Listening on port 42369
Read port: 42369
1735234731543	RemoteAgent	WARN	TLS certificate errors will be ignored for this session
[GFX1-]: RenderCompositorSWGL failed mapping default framebuffer, no dt
console.error: ({})
console.error: (new TypeError("linkMap is undefined", "resource://gre/modules/NewTabUtils.sys.mjs", 2003))
JavaScript warning: https://challenges.cloudflare.com/cdn-cgi/challenge-platform/h/b/orchestrate/chl_api/v1?ray=8f82d8d74c7e1040&lang=auto line 1 > Function, line 937: WebGL warning: <Create>: WebglAllowWindowsNativeGl:false restricts context creation on this system.
JavaScript warning: https://challenges.cloudflare.com/cdn-cgi/challenge-platform/h/b/orchestrate/chl_api/v1?ray=8f82d8d74c7e1040&lang=auto line 1 > Function, line 937: Failed to create WebGL context: WebGL creation failed: 
* WebglAllowWindowsNativeGl:false restricts context creation on this system. ()
* Exhausted GL driver options. (FEATURE_FAILURE_WEBGL_EXHAUSTED_DRIVERS)
1735234737523	Marionette	INFO	Stopped listening on port 42369
JavaScript warning: https://challenges.cloudflare.com/cdn-cgi/challenge-platform/h/b/orchestrate/chl_api/v1?ray=8f82d8d74c7e1040&lang=auto, line 1: Script terminated by timeout at:
eZ@https://challenges.cloudflare.com/cdn-cgi/challenge-platform/h/b/orchestrate/chl_api/v1?ray=8f82d8d74c7e1040&lang=auto:1:36356

1735235471570	geckodriver	INFO	Listening on 127.0.0.1:60439
1735235472572	mozrunner::runner	INFO	Running command: MOZ_CRASHREPORTER="1" MOZ_CRASHREPORTER_NO_REPORT="1" MOZ_CRASHREPORTER_SHUTDOWN="1" MOZ_NO_REMOTE="1" "/usr ... ) AppleWebKit/537.36 (KHTML, like Gecko) Chrome/120.0.0.0 Safari/537.36" "-no-remote" "-profile" "/tmp/rust_mozprofilebgpwnq"
*** You are running in headless mode.
console.warn: services.settings: Ignoring preference override of remote settings server
console.warn: services.settings: Allow by setting MOZ_REMOTE_SETTINGS_DEVTOOLS=1 in the environment
[GFX1-]: glxtest: libpci missing
[GFX1-]: glxtest: Unable to open a connection to the X server
[GFX1-]: No GPUs detected via PCI

1735235472786	Marionette	INFO	Marionette enabled
1735235472845	Marionette	INFO	Listening on port 44821
Read port: 44821
1735235473105	RemoteAgent	WARN	TLS certificate errors will be ignored for this session
[GFX1-]: RenderCompositorSWGL failed mapping default framebuffer, no dt
console.error: ({})
console.warn: LoginRecipes: "Falling back to a synchronous message for: https://www.linkedin.com."
console.warn: LoginRecipes: "Falling back to a synchronous message for: https://www.linkedin.com."
JavaScript error: https://static.licdn.com/aero-v1/sc/h/4kdl05tfo7lc1e6o63oput2ah, line 1: Error: POST request for /jobs-guest/api/ingraphs/counter has failed with status code 429
JavaScript error: https://static.licdn.com/aero-v1/sc/h/4kdl05tfo7lc1e6o63oput2ah, line 1: Error: POST request for /jobs-guest/api/ingraphs/counter has failed with status code 429
1735235480112	Marionette	INFO	Stopped listening on port 44821
JavaScript warning: https://static.licdn.com/aero-v1/sc/h/4kdl05tfo7lc1e6o63oput2ah, line 1: Script terminated by timeout at:
Yn/</r.onsuccess@https://static.licdn.com/aero-v1/sc/h/4kdl05tfo7lc1e6o63oput2ah:1:79572

1735235529067	geckodriver	INFO	Listening on 127.0.0.1:50821
1735235530070	mozrunner::runner	INFO	Running command: MOZ_CRASHREPORTER="1" MOZ_CRASHREPORTER_NO_REPORT="1" MOZ_CRASHREPORTER_SHUTDOWN="1" MOZ_NO_REMOTE="1" "/usr/bin/firefox" "--marionette" "--headless" "-no-remote" "-profile" "/tmp/rust_mozprofileNu31ft"
*** You are running in headless mode.
console.warn: services.settings: Ignoring preference override of remote settings server
console.warn: services.settings: Allow by setting MOZ_REMOTE_SETTINGS_DEVTOOLS=1 in the environment
[GFX1-]: glxtest: libpci missing
[GFX1-]: glxtest: Unable to open a connection to the X server
[GFX1-]: No GPUs detected via PCI

1735235530280	Marionette	INFO	Marionette enabled
1735235530333	Marionette	INFO	Listening on port 39973
Read port: 39973
1735235530596	RemoteAgent	WARN	TLS certificate errors will be ignored for this session
[GFX1-]: RenderCompositorSWGL failed mapping default framebuffer, no dt
console.error: ({})
1735235539493	Marionette	INFO	Stopped listening on port 39973
JavaScript warning: https://cl.qualaroo.com/ki.js/67252/fQHqoo.js, line 8: Script terminated by timeout at:
@https://cl.qualaroo.com/ki.js/67252/fQHqoo.js:8:277314

1735235585107	geckodriver	INFO	Listening on 127.0.0.1:54133
1735235586109	mozrunner::runner	INFO	Running command: MOZ_CRASHREPORTER="1" MOZ_CRASHREPORTER_NO_REPORT="1" MOZ_CRASHREPORTER_SHUTDOWN="1" MOZ_NO_REMOTE="1" "/usr/bin/firefox" "--marionette" "--headless" "-no-remote" "-profile" "/tmp/rust_mozprofile9ubPRW"
*** You are running in headless mode.
console.warn: services.settings: Ignoring preference override of remote settings server
console.warn: services.settings: Allow by setting MOZ_REMOTE_SETTINGS_DEVTOOLS=1 in the environment
[GFX1-]: glxtest: libpci missing
[GFX1-]: glxtest: Unable to open a connection to the X server
[GFX1-]: No GPUs detected via PCI

1735235586312	Marionette	INFO	Marionette enabled
1735235586365	Marionette	INFO	Listening on port 35175
Read port: 35175
1735235586594	RemoteAgent	WARN	TLS certificate errors will be ignored for this session
[GFX1-]: RenderCompositorSWGL failed mapping default framebuffer, no dt
console.error: ({})
console.error: (new TypeError("linkMap is undefined", "resource://gre/modules/NewTabUtils.sys.mjs", 2003))
JavaScript warning: https://challenges.cloudflare.com/cdn-cgi/challenge-platform/h/b/orchestrate/chl_api/v1?ray=8f82edb739d2acb1&lang=auto line 1 > Function, line 444: WebGL warning: <Create>: WebglAllowWindowsNativeGl:false restricts context creation on this system.
JavaScript warning: https://challenges.cloudflare.com/cdn-cgi/challenge-platform/h/b/orchestrate/chl_api/v1?ray=8f82edb739d2acb1&lang=auto line 1 > Function, line 444: Failed to create WebGL context: WebGL creation failed: 
* WebglAllowWindowsNativeGl:false restricts context creation on this system. ()
* Exhausted GL driver options. (FEATURE_FAILURE_WEBGL_EXHAUSTED_DRIVERS)
1735235592539	Marionette	INFO	Stopped listening on port 35175
JavaScript warning: https://challenges.cloudflare.com/cdn-cgi/challenge-platform/h/b/orchestrate/chl_api/v1?ray=8f82edb739d2acb1&lang=auto, line 1: Script terminated by timeout at:
eZ@https://challenges.cloudflare.com/cdn-cgi/challenge-platform/h/b/orchestrate/chl_api/v1?ray=8f82edb739d2acb1&lang=auto:1:37303

1735236904296	geckodriver	INFO	Listening on 127.0.0.1:47373
1735236905299	mozrunner::runner	INFO	Running command: MOZ_CRASHREPORTER="1" MOZ_CRASHREPORTER_NO_REPORT="1" MOZ_CRASHREPORTER_SHUTDOWN="1" MOZ_NO_REMOTE="1" "/usr/bin/firefox" "--marionette" "--headless" "-no-remote" "-profile" "/tmp/rust_mozprofileaLpxAS"
*** You are running in headless mode.
console.warn: services.settings: Ignoring preference override of remote settings server
console.warn: services.settings: Allow by setting MOZ_REMOTE_SETTINGS_DEVTOOLS=1 in the environment
[GFX1-]: glxtest: libpci missing
[GFX1-]: glxtest: Unable to open a connection to the X server
[GFX1-]: No GPUs detected via PCI

1735236905510	Marionette	INFO	Marionette enabled
1735236905563	Marionette	INFO	Listening on port 40515
Read port: 40515
1735236905801	RemoteAgent	WARN	TLS certificate errors will be ignored for this session
[GFX1-]: RenderCompositorSWGL failed mapping default framebuffer, no dt
console.error: ({})
console.error: (new TypeError("linkMap is undefined", "resource://gre/modules/NewTabUtils.sys.mjs", 2003))
JavaScript warning: https://challenges.cloudflare.com/cdn-cgi/challenge-platform/h/b/orchestrate/chl_api/v1?ray=8f830dec5f432255&lang=auto line 1 > Function, line 320: WebGL warning: <Create>: WebglAllowWindowsNativeGl:false restricts context creation on this system.
JavaScript warning: https://challenges.cloudflare.com/cdn-cgi/challenge-platform/h/b/orchestrate/chl_api/v1?ray=8f830dec5f432255&lang=auto line 1 > Function, line 320: Failed to create WebGL context: WebGL creation failed: 
* WebglAllowWindowsNativeGl:false restricts context creation on this system. ()
* Exhausted GL driver options. (FEATURE_FAILURE_WEBGL_EXHAUSTED_DRIVERS)
1735236911778	Marionette	INFO	Stopped listening on port 40515
JavaScript warning: https://challenges.cloudflare.com/cdn-cgi/challenge-platform/h/b/orchestrate/chl_api/v1?ray=8f830dec5f432255&lang=auto, line 1: Script terminated by timeout at:
eZ@https://challenges.cloudflare.com/cdn-cgi/challenge-platform/h/b/orchestrate/chl_api/v1?ray=8f830dec5f432255&lang=auto:1:36356

1735416430068	geckodriver	INFO	Listening on 127.0.0.1:59341
1735416431071	mozrunner::runner	INFO	Running command: MOZ_CRASHREPORTER="1" MOZ_CRASHREPORTER_NO_REPORT="1" MOZ_CRASHREPORTER_SHUTDOWN="1" MOZ_NO_REMOTE="1" "/usr/bin/firefox" "--marionette" "--headless" "-no-remote" "-profile" "/tmp/rust_mozprofileMpeZCO"
*** You are running in headless mode.
console.warn: services.settings: Ignoring preference override of remote settings server
console.warn: services.settings: Allow by setting MOZ_REMOTE_SETTINGS_DEVTOOLS=1 in the environment
[GFX1-]: glxtest: libpci missing
[GFX1-]: glxtest: Unable to open a connection to the X server
[GFX1-]: No GPUs detected via PCI

1735416431302	Marionette	INFO	Marionette enabled
1735416431353	Marionette	INFO	Listening on port 35231
Read port: 35231
1735416431623	RemoteAgent	WARN	TLS certificate errors will be ignored for this session
[GFX1-]: RenderCompositorSWGL failed mapping default framebuffer, no dt
console.error: ({})
JavaScript error: https://static.licdn.com/aero-v1/sc/h/4kdl05tfo7lc1e6o63oput2ah, line 1: Error: POST request for /jobs-guest/api/ingraphs/gauge has failed with status code 429
JavaScript warning: https://accounts.google.com/gsi/button?logo_alignment=center&shape=pill&size=large&text=continue_with&theme=outline&type=undefined&width=400&client_id=990339570472-k6nqn1tpmitg8pui82bfaun3jrpmiuhs.apps.googleusercontent.com&iframe_id=gsi_433434_337972&as=%2FJCLCk7AMkRBsHB%2BL96b%2Fw&hl=en_US, line 80: Script terminated by timeout at:
_.G@/_/gsi/_/js/k=gsi.gsi.en_US.-KImK5hetTU.O/am=AEBkLpkD/d=1/rs=AF0KOtWaiN-Lv4v_kBfRS506T04Lb4XTSA/m=credential_button_library:80:297
pi@/_/gsi/_/js/k=gsi.gsi.en_US.-KImK5hetTU.O/am=AEBkLpkD/d=1/rs=AF0KOtWaiN-Lv4v_kBfRS506T04Lb4XTSA/m=credential_button_library:196:286
ui@/_/gsi/_/js/k=gsi.gsi.en_US.-KImK5hetTU.O/am=AEBkLpkD/d=1/rs=AF0KOtWaiN-Lv4v_kBfRS506T04Lb4XTSA/m=credential_button_library:197:266
Fi@/_/gsi/_/js/k=gsi.gsi.en_US.-KImK5hetTU.O/am=AEBkLpkD/d=1/rs=AF0KOtWaiN-Lv4v_kBfRS506T04Lb4XTSA/m=credential_button_library:206:416
Ei@/_/gsi/_/js/k=gsi.gsi.en_US.-KImK5hetTU.O/am=AEBkLpkD/d=1/rs=AF0KOtWaiN-Lv4v_kBfRS506T04Lb4XTSA/m=credential_button_library:206:22
Ci.prototype.I@/_/gsi/_/js/k=gsi.gsi.en_US.-KImK5hetTU.O/am=AEBkLpkD/d=1/rs=AF0KOtWaiN-Lv4v_kBfRS506T04Lb4XTSA/m=credential_button_library:205:272
Ci/<@/_/gsi/_/js/k=gsi.gsi.en_US.-KImK5hetTU.O/am=AEBkLpkD/d=1/rs=AF0KOtWaiN-Lv4v_kBfRS506T04Lb4XTSA/m=credential_button_library:199:282

JavaScript error: https://static.licdn.com/aero-v1/sc/h/4kdl05tfo7lc1e6o63oput2ah, line 1: Error: POST request for /jobs-guest/api/ingraphs/gauge has failed with status code 429
JavaScript warning: https://accounts.google.com/gsi/button?logo_alignment=center&shape=pill&size=large&text=continue_with&theme=filled_blue&type=undefined&width=320&client_id=990339570472-k6nqn1tpmitg8pui82bfaun3jrpmiuhs.apps.googleusercontent.com&iframe_id=gsi_439375_728836&as=LcCAyxBw7qdjmp6Xp6dMnw&hl=en_US, line 79: Script terminated by timeout at:
_.Fb<@/_/gsi/_/js/k=gsi.gsi.en_US.-KImK5hetTU.O/am=AEBkLhkD/d=1/rs=AF0KOtUJD13dD1TA7C66CWukR9AZs_r9jQ/m=credential_button_library:79:853
_.G@/_/gsi/_/js/k=gsi.gsi.en_US.-KImK5hetTU.O/am=AEBkLhkD/d=1/rs=AF0KOtUJD13dD1TA7C66CWukR9AZs_r9jQ/m=credential_button_library:80:361
pi@/_/gsi/_/js/k=gsi.gsi.en_US.-KImK5hetTU.O/am=AEBkLhkD/d=1/rs=AF0KOtUJD13dD1TA7C66CWukR9AZs_r9jQ/m=credential_button_library:196:286
oi@/_/gsi/_/js/k=gsi.gsi.en_US.-KImK5hetTU.O/am=AEBkLhkD/d=1/rs=AF0KOtUJD13dD1TA7C66CWukR9AZs_r9jQ/m=credential_button_library:196:493
qi@/_/gsi/_/js/k=gsi.gsi.en_US.-KImK5hetTU.O/am=AEBkLhkD/d=1/rs=AF0KOtUJD13dD1TA7C66CWukR9AZs_r9jQ/m=credential_button_library:197:68
si@/_/gsi/_/js/k=gsi.gsi.en_US.-KImK5hetTU.O/am=AEBkLhkD/d=1/rs=AF0KOtUJD13dD1TA7C66CWukR9AZs_r9jQ/m=credential_button_library:196:242
Ci.prototype.I@/_/gsi/_/js/k=gsi.gsi.en_US.-KImK5hetTU.O/am=AEBkLhkD/d=1/rs=AF0KOtUJD13dD1TA7C66CWukR9AZs_r9jQ/m=credential_button_library:205:297
Ci/<@/_/gsi/_/js/k=gsi.gsi.en_US.-KImK5hetTU.O/am=AEBkLhkD/d=1/rs=AF0KOtUJD13dD1TA7C66CWukR9AZs_r9jQ/m=credential_button_library:199:282

JavaScript error: https://static.licdn.com/aero-v1/sc/h/4kdl05tfo7lc1e6o63oput2ah, line 1: Error: POST request for /jobs-guest/api/ingraphs/counter has failed with status code 429
1735416449768	Marionette	INFO	Stopped listening on port 35231
JavaScript warning: https://static.licdn.com/aero-v1/sc/h/4kdl05tfo7lc1e6o63oput2ah, line 1: Script terminated by timeout at:
Yn/</r.onsuccess@https://static.licdn.com/aero-v1/sc/h/4kdl05tfo7lc1e6o63oput2ah:1:79572

1735424213686	geckodriver	INFO	Listening on 127.0.0.1:39425
1735424214688	mozrunner::runner	INFO	Running command: MOZ_CRASHREPORTER="1" MOZ_CRASHREPORTER_NO_REPORT="1" MOZ_CRASHREPORTER_SHUTDOWN="1" MOZ_NO_REMOTE="1" "/usr/bin/firefox" "--marionette" "--headless" "-no-remote" "-profile" "/tmp/rust_mozprofileYtY0uX"
*** You are running in headless mode.
console.warn: services.settings: Ignoring preference override of remote settings server
console.warn: services.settings: Allow by setting MOZ_REMOTE_SETTINGS_DEVTOOLS=1 in the environment
[GFX1-]: glxtest: libpci missing
[GFX1-]: glxtest: Unable to open a connection to the X server
[GFX1-]: No GPUs detected via PCI

1735424214913	Marionette	INFO	Marionette enabled
1735424214966	Marionette	INFO	Listening on port 46325
Read port: 46325
1735424215235	RemoteAgent	WARN	TLS certificate errors will be ignored for this session
[GFX1-]: RenderCompositorSWGL failed mapping default framebuffer, no dt
console.error: ({})
JavaScript error: https://static.licdn.com/aero-v1/sc/h/4kdl05tfo7lc1e6o63oput2ah, line 1: Error: POST request for /jobs-guest/api/ingraphs/gauge has failed with status code 429
JavaScript error: https://static.licdn.com/aero-v1/sc/h/4kdl05tfo7lc1e6o63oput2ah, line 1: Error: POST request for /jobs-guest/api/ingraphs/counter has failed with status code 429
JavaScript warning: https://accounts.google.com/gsi/button?logo_alignment=center&shape=pill&size=large&text=continue_with&theme=filled_blue&type=undefined&width=320&client_id=990339570472-k6nqn1tpmitg8pui82bfaun3jrpmiuhs.apps.googleusercontent.com&iframe_id=gsi_253867_580232&as=ANUw0yMQOJz14TJ847JBCA&hl=en_US, line 206: Script terminated by timeout at:
Ei/<@/_/gsi/_/js/k=gsi.gsi.en_US.-KImK5hetTU.O/am=AEBkLhkD/d=1/rs=AF0KOtUJD13dD1TA7C66CWukR9AZs_r9jQ/m=credential_button_library:206:181
Fi@/_/gsi/_/js/k=gsi.gsi.en_US.-KImK5hetTU.O/am=AEBkLhkD/d=1/rs=AF0KOtUJD13dD1TA7C66CWukR9AZs_r9jQ/m=credential_button_library:206:449
Ei@/_/gsi/_/js/k=gsi.gsi.en_US.-KImK5hetTU.O/am=AEBkLhkD/d=1/rs=AF0KOtUJD13dD1TA7C66CWukR9AZs_r9jQ/m=credential_button_library:206:22
Ci.prototype.I@/_/gsi/_/js/k=gsi.gsi.en_US.-KImK5hetTU.O/am=AEBkLhkD/d=1/rs=AF0KOtUJD13dD1TA7C66CWukR9AZs_r9jQ/m=credential_button_library:205:272
Ci/<@/_/gsi/_/js/k=gsi.gsi.en_US.-KImK5hetTU.O/am=AEBkLhkD/d=1/rs=AF0KOtUJD13dD1TA7C66CWukR9AZs_r9jQ/m=credential_button_library:199:282

JavaScript error: https://static.licdn.com/aero-v1/sc/h/4kdl05tfo7lc1e6o63oput2ah, line 1: Error: POST request for /jobs-guest/api/ingraphs/gauge has failed with status code 429
JavaScript warning: https://accounts.google.com/gsi/button?logo_alignment=center&shape=pill&size=large&text=continue_with&theme=outline&type=undefined&width=400&client_id=990339570472-k6nqn1tpmitg8pui82bfaun3jrpmiuhs.apps.googleusercontent.com&iframe_id=gsi_259793_245060&as=O7qW%2F3tyS6R%2BmAQ%2F02cZJA&hl=en_US, line 79: Script terminated by timeout at:
_.Fb<@/_/gsi/_/js/k=gsi.gsi.en_US.-KImK5hetTU.O/am=AEBkLhkD/d=1/rs=AF0KOtUJD13dD1TA7C66CWukR9AZs_r9jQ/m=credential_button_library:79:853
Lb@/_/gsi/_/js/k=gsi.gsi.en_US.-KImK5hetTU.O/am=AEBkLhkD/d=1/rs=AF0KOtUJD13dD1TA7C66CWukR9AZs_r9jQ/m=credential_button_library:68:42
_.od@/_/gsi/_/js/k=gsi.gsi.en_US.-KImK5hetTU.O/am=AEBkLhkD/d=1/rs=AF0KOtUJD13dD1TA7C66CWukR9AZs_r9jQ/m=credential_button_library:79:2140
si@/_/gsi/_/js/k=gsi.gsi.en_US.-KImK5hetTU.O/am=AEBkLhkD/d=1/rs=AF0KOtUJD13dD1TA7C66CWukR9AZs_r9jQ/m=credential_button_library:196:222
Ci.prototype.I@/_/gsi/_/js/k=gsi.gsi.en_US.-KImK5hetTU.O/am=AEBkLhkD/d=1/rs=AF0KOtUJD13dD1TA7C66CWukR9AZs_r9jQ/m=credential_button_library:205:238
Ci/<@/_/gsi/_/js/k=gsi.gsi.en_US.-KImK5hetTU.O/am=AEBkLhkD/d=1/rs=AF0KOtUJD13dD1TA7C66CWukR9AZs_r9jQ/m=credential_button_library:199:282

JavaScript error: https://static.licdn.com/aero-v1/sc/h/4kdl05tfo7lc1e6o63oput2ah, line 1: Error: POST request for /jobs-guest/api/ingraphs/gauge has failed with status code 429
JavaScript error: https://static.licdn.com/aero-v1/sc/h/4kdl05tfo7lc1e6o63oput2ah, line 1: Error: POST request for /jobs-guest/api/ingraphs/counter has failed with status code 429
1735424286003	Marionette	INFO	Stopped listening on port 46325
1735428744599	geckodriver	INFO	Listening on 127.0.0.1:51363
1735428745602	mozrunner::runner	INFO	Running command: MOZ_CRASHREPORTER="1" MOZ_CRASHREPORTER_NO_REPORT="1" MOZ_CRASHREPORTER_SHUTDOWN="1" MOZ_NO_REMOTE="1" "/usr/bin/firefox" "--marionette" "--headless" "-no-remote" "-profile" "/tmp/rust_mozprofileHquLWA"
*** You are running in headless mode.
console.warn: services.settings: Ignoring preference override of remote settings server
console.warn: services.settings: Allow by setting MOZ_REMOTE_SETTINGS_DEVTOOLS=1 in the environment
[GFX1-]: glxtest: libpci missing
[GFX1-]: glxtest: Unable to open a connection to the X server
[GFX1-]: No GPUs detected via PCI

1735428745818	Marionette	INFO	Marionette enabled
1735428745882	Marionette	INFO	Listening on port 41259
Read port: 41259
1735428746177	RemoteAgent	WARN	TLS certificate errors will be ignored for this session
[GFX1-]: RenderCompositorSWGL failed mapping default framebuffer, no dt
console.error: ({})
JavaScript error: https://www.linkedin.com/jobs/view/senior-director-of-operations-at-air-distribution-technologies-inc-4096790802?position=1&pageNum=0&refId=J2hvH6xUtqoX4Jbx0cVgGA%3D%3D&trackingId=7ebLWOfVeBAEMXZJQzhc8A%3D%3D, line 4: TypeError: _0x19de2c is undefined
JavaScript warning: https://static.licdn.com/aero-v1/sc/h/c2hrypcg7syy07wkk901c88q3, line 1: WebGL warning: <Create>: WebglAllowWindowsNativeGl:false restricts context creation on this system.
JavaScript warning: https://static.licdn.com/aero-v1/sc/h/c2hrypcg7syy07wkk901c88q3, line 1: Failed to create WebGL context: WebGL creation failed: 
* WebglAllowWindowsNativeGl:false restricts context creation on this system. ()
* Exhausted GL driver options. (FEATURE_FAILURE_WEBGL_EXHAUSTED_DRIVERS)
JavaScript warning: https://static.licdn.com/aero-v1/sc/h/c2hrypcg7syy07wkk901c88q3, line 1: WebGL warning: <Create>: WebglAllowWindowsNativeGl:false restricts context creation on this system.
JavaScript warning: https://static.licdn.com/aero-v1/sc/h/c2hrypcg7syy07wkk901c88q3, line 1: Failed to create WebGL context: WebGL creation failed: 
* WebglAllowWindowsNativeGl:false restricts context creation on this system. ()
* Exhausted GL driver options. (FEATURE_FAILURE_WEBGL_EXHAUSTED_DRIVERS)
JavaScript warning: https://accounts.google.com/gsi/button?logo_alignment=center&shape=pill&size=large&text=continue_with&theme=filled_blue&type=undefined&width=320&client_id=990339570472-k6nqn1tpmitg8pui82bfaun3jrpmiuhs.apps.googleusercontent.com&iframe_id=gsi_763807_398348&as=mOC6GujYRl6LZRnalswrng&hl=en_US, line 206: Script terminated by timeout at:
Ei/<@/_/gsi/_/js/k=gsi.gsi.en_US.-KImK5hetTU.O/am=AEBkLpkD/d=1/rs=AF0KOtWaiN-Lv4v_kBfRS506T04Lb4XTSA/m=credential_button_library:206:181
Fi@/_/gsi/_/js/k=gsi.gsi.en_US.-KImK5hetTU.O/am=AEBkLpkD/d=1/rs=AF0KOtWaiN-Lv4v_kBfRS506T04Lb4XTSA/m=credential_button_library:206:449
Ei@/_/gsi/_/js/k=gsi.gsi.en_US.-KImK5hetTU.O/am=AEBkLpkD/d=1/rs=AF0KOtWaiN-Lv4v_kBfRS506T04Lb4XTSA/m=credential_button_library:206:22
Ci.prototype.I@/_/gsi/_/js/k=gsi.gsi.en_US.-KImK5hetTU.O/am=AEBkLpkD/d=1/rs=AF0KOtWaiN-Lv4v_kBfRS506T04Lb4XTSA/m=credential_button_library:205:272
Ci/<@/_/gsi/_/js/k=gsi.gsi.en_US.-KImK5hetTU.O/am=AEBkLpkD/d=1/rs=AF0KOtWaiN-Lv4v_kBfRS506T04Lb4XTSA/m=credential_button_library:199:282

1735428773719	Marionette	INFO	Stopped listening on port 41259
JavaScript warning: https://static.licdn.com/aero-v1/sc/h/4kdl05tfo7lc1e6o63oput2ah, line 1: Script terminated by timeout at:
Yn/</r.onsuccess@https://static.licdn.com/aero-v1/sc/h/4kdl05tfo7lc1e6o63oput2ah:1:79572

